# JRE version: Java(TM) SE Runtime Environment (8.0_31-b13) (build 1.8.0_31-b13)
# Java VM: Java HotSpot(TM) 64-Bit Server VM (25.31-b07 mixed mode linux-amd64 compressed oops)
Heap:
 PSYoungGen      total 129024K, used 96K [0x00000000ebe00000, 0x00000000f3f00000, 0x0000000100000000)
  eden space 126464K, 0% used [0x00000000ebe00000,0x00000000ebe00000,0x00000000f3980000)
  from space 2560K, 3% used [0x00000000f3980000,0x00000000f3998000,0x00000000f3c00000)
  to   space 2048K, 0% used [0x00000000f3c00000,0x00000000f3c00000,0x00000000f3e00000)
 ParOldGen       total 42496K, used 1565K [0x00000000c3a00000, 0x00000000c6380000, 0x00000000ebe00000)
  object space 42496K, 3% used [0x00000000c3a00000,0x00000000c3b876d8,0x00000000c6380000)
 Metaspace       used 9455K, capacity 9574K, committed 9856K, reserved 1058816K
  class space    used 1055K, capacity 1094K, committed 1152K, reserved 1048576K
GC Heap History (10 events):
Event: 2,006 GC heap after
Heap after GC invocations=4 (full 0):
 PSYoungGen      total 34304K, used 1568K [0x00000000ebe00000, 0x00000000ee200000, 0x0000000100000000)
  eden space 31744K, 0% used [0x00000000ebe00000,0x00000000ebe00000,0x00000000edd00000)
  from space 2560K, 61% used [0x00000000edf80000,0x00000000ee108000,0x00000000ee200000)
  to   space 2560K, 0% used [0x00000000edd00000,0x00000000edd00000,0x00000000edf80000)
 ParOldGen       total 42496K, used 32K [0x00000000c3a00000, 0x00000000c6380000, 0x00000000ebe00000)
  object space 42496K, 0% used [0x00000000c3a00000,0x00000000c3a08000,0x00000000c6380000)
 Metaspace       used 9432K, capacity 9574K, committed 9856K, reserved 1058816K
  class space    used 1054K, capacity 1094K, committed 1152K, reserved 1048576K
}
Event: 2,370 GC heap before
{Heap before GC invocations=5 (full 0):
 PSYoungGen      total 34304K, used 33312K [0x00000000ebe00000, 0x00000000ee200000, 0x0000000100000000)
  eden space 31744K, 100% used [0x00000000ebe00000,0x00000000edd00000,0x00000000edd00000)
  from space 2560K, 61% used [0x00000000edf80000,0x00000000ee108000,0x00000000ee200000)
  to   space 2560K, 0% used [0x00000000edd00000,0x00000000edd00000,0x00000000edf80000)
 ParOldGen       total 42496K, used 32K [0x00000000c3a00000, 0x00000000c6380000, 0x00000000ebe00000)
  object space 42496K, 0% used [0x00000000c3a00000,0x00000000c3a08000,0x00000000c6380000)
 Metaspace       used 9432K, capacity 9574K, committed 9856K, reserved 1058816K
  class space    used 1054K, capacity 1094K, committed 1152K, reserved 1048576K
Event: 2,374 GC heap after
Heap after GC invocations=5 (full 0):
 PSYoungGen      total 34304K, used 1584K [0x00000000ebe00000, 0x00000000f0000000, 0x0000000100000000)
  eden space 31744K, 0% used [0x00000000ebe00000,0x00000000ebe00000,0x00000000edd00000)
  from space 2560K, 61% used [0x00000000edd00000,0x00000000ede8c010,0x00000000edf80000)
  to   space 2048K, 0% used [0x00000000efe00000,0x00000000efe00000,0x00000000f0000000)
 ParOldGen       total 42496K, used 32K [0x00000000c3a00000, 0x00000000c6380000, 0x00000000ebe00000)
  object space 42496K, 0% used [0x00000000c3a00000,0x00000000c3a08000,0x00000000c6380000)
 Metaspace       used 9432K, capacity 9574K, committed 9856K, reserved 1058816K
  class space    used 1054K, capacity 1094K, committed 1152K, reserved 1048576K
}
Event: 2,651 GC heap before
{Heap before GC invocations=6 (full 0):
 PSYoungGen      total 34304K, used 33328K [0x00000000ebe00000, 0x00000000f0000000, 0x0000000100000000)
  eden space 31744K, 100% used [0x00000000ebe00000,0x00000000edd00000,0x00000000edd00000)
  from space 2560K, 61% used [0x00000000edd00000,0x00000000ede8c010,0x00000000edf80000)
  to   space 2048K, 0% used [0x00000000efe00000,0x00000000efe00000,0x00000000f0000000)
 ParOldGen       total 42496K, used 32K [0x00000000c3a00000, 0x00000000c6380000, 0x00000000ebe00000)
  object space 42496K, 0% used [0x00000000c3a00000,0x00000000c3a08000,0x00000000c6380000)
 Metaspace       used 9432K, capacity 9574K, committed 9856K, reserved 1058816K
  class space    used 1054K, capacity 1094K, committed 1152K, reserved 1048576K
Event: 2,655 GC heap after
Heap after GC invocations=6 (full 0):
 PSYoungGen      total 65536K, used 1586K [0x00000000ebe00000, 0x00000000f0000000, 0x0000000100000000)
  eden space 63488K, 0% used [0x00000000ebe00000,0x00000000ebe00000,0x00000000efc00000)
  from space 2048K, 77% used [0x00000000efe00000,0x00000000eff8c840,0x00000000f0000000)
  to   space 2048K, 0% used [0x00000000efc00000,0x00000000efc00000,0x00000000efe00000)
 ParOldGen       total 42496K, used 40K [0x00000000c3a00000, 0x00000000c6380000, 0x00000000ebe00000)
  object space 42496K, 0% used [0x00000000c3a00000,0x00000000c3a0a000,0x00000000c6380000)
 Metaspace       used 9432K, capacity 9574K, committed 9856K, reserved 1058816K
  class space    used 1054K, capacity 1094K, committed 1152K, reserved 1048576K
}
Event: 4,098 GC heap before
{Heap before GC invocations=7 (full 0):
 PSYoungGen      total 65536K, used 65074K [0x00000000ebe00000, 0x00000000f0000000, 0x0000000100000000)
  eden space 63488K, 100% used [0x00000000ebe00000,0x00000000efc00000,0x00000000efc00000)
  from space 2048K, 77% used [0x00000000efe00000,0x00000000eff8c840,0x00000000f0000000)
  to   space 2048K, 0% used [0x00000000efc00000,0x00000000efc00000,0x00000000efe00000)
 ParOldGen       total 42496K, used 40K [0x00000000c3a00000, 0x00000000c6380000, 0x00000000ebe00000)
  object space 42496K, 0% used [0x00000000c3a00000,0x00000000c3a0a000,0x00000000c6380000)
 Metaspace       used 9455K, capacity 9574K, committed 9856K, reserved 1058816K
  class space    used 1055K, capacity 1094K, committed 1152K, reserved 1048576K
Event: 4,102 GC heap after
Heap after GC invocations=7 (full 0):
 PSYoungGen      total 65536K, used 96K [0x00000000ebe00000, 0x00000000f3e00000, 0x0000000100000000)
  eden space 63488K, 0% used [0x00000000ebe00000,0x00000000ebe00000,0x00000000efc00000)
  from space 2048K, 4% used [0x00000000efc00000,0x00000000efc18000,0x00000000efe00000)
  to   space 2048K, 0% used [0x00000000f3c00000,0x00000000f3c00000,0x00000000f3e00000)
 ParOldGen       total 42496K, used 1525K [0x00000000c3a00000, 0x00000000c6380000, 0x00000000ebe00000)
  object space 42496K, 3% used [0x00000000c3a00000,0x00000000c3b7d6d8,0x00000000c6380000)
 Metaspace       used 9455K, capacity 9574K, committed 9856K, reserved 1058816K
  class space    used 1055K, capacity 1094K, committed 1152K, reserved 1048576K
}
Event: 5,192 GC heap before
{Heap before GC invocations=8 (full 0):
 PSYoungGen      total 65536K, used 63584K [0x00000000ebe00000, 0x00000000f3e00000, 0x0000000100000000)
  eden space 63488K, 100% used [0x00000000ebe00000,0x00000000efc00000,0x00000000efc00000)
  from space 2048K, 4% used [0x00000000efc00000,0x00000000efc18000,0x00000000efe00000)
  to   space 2048K, 0% used [0x00000000f3c00000,0x00000000f3c00000,0x00000000f3e00000)
 ParOldGen       total 42496K, used 1525K [0x00000000c3a00000, 0x00000000c6380000, 0x00000000ebe00000)
  object space 42496K, 3% used [0x00000000c3a00000,0x00000000c3b7d6d8,0x00000000c6380000)
 Metaspace       used 9455K, capacity 9574K, committed 9856K, reserved 1058816K
  class space    used 1055K, capacity 1094K, committed 1152K, reserved 1048576K
Event: 5,424 GC heap after
Heap after GC invocations=8 (full 0):
 PSYoungGen      total 128512K, used 64K [0x00000000ebe00000, 0x00000000f3f00000, 0x0000000100000000)
  eden space 126464K, 0% used [0x00000000ebe00000,0x00000000ebe00000,0x00000000f3980000)
  from space 2048K, 3% used [0x00000000f3c00000,0x00000000f3c10000,0x00000000f3e00000)
  to   space 2560K, 0% used [0x00000000f3980000,0x00000000f3980000,0x00000000f3c00000)
 ParOldGen       total 42496K, used 1549K [0x00000000c3a00000, 0x00000000c6380000, 0x00000000ebe00000)
  object space 42496K, 3% used [0x00000000c3a00000,0x00000000c3b836d8,0x00000000c6380000)
 Metaspace       used 9455K, capacity 9574K, committed 9856K, reserved 1058816K
  class space    used 1055K, capacity 1094K, committed 1152K, reserved 1048576K
}
Event: 6,028 GC heap before
{Heap before GC invocations=9 (full 0):
 PSYoungGen      total 128512K, used 126528K [0x00000000ebe00000, 0x00000000f3f00000, 0x0000000100000000)
  eden space 126464K, 100% used [0x00000000ebe00000,0x00000000f3980000,0x00000000f3980000)
  from space 2048K, 3% used [0x00000000f3c00000,0x00000000f3c10000,0x00000000f3e00000)
  to   space 2560K, 0% used [0x00000000f3980000,0x00000000f3980000,0x00000000f3c00000)
 ParOldGen       total 42496K, used 1549K [0x00000000c3a00000, 0x00000000c6380000, 0x00000000ebe00000)
  object space 42496K, 3% used [0x00000000c3a00000,0x00000000c3b836d8,0x00000000c6380000)
 Metaspace       used 9455K, capacity 9574K, committed 9856K, reserved 1058816K
  class space    used 1055K, capacity 1094K, committed 1152K, reserved 1048576K

